2026-02-07 00:53:55,928 INFO ACCESS: User ID 19 accessed /api/consents/ via GET
2026-02-07 00:53:55,960 INFO ACCESS: User ID 19 accessed /api/consents/ via GET
2026-02-07 00:54:11,928 INFO ACCESS: User ID 19 accessed /api/consents/4/ via PATCH
2026-02-07 00:54:12,804 INFO ACCESS: User ID 19 accessed /api/consents/4/ via PATCH
2026-02-07 01:07:21,922 INFO ACCESS: User ID 19 accessed /api/consents/ via GET
2026-02-07 01:10:56,542 INFO ACCESS: User ID 21 accessed /api/consents/ via GET
2026-02-07 01:10:56,552 INFO ACCESS: User ID 21 accessed /api/consents/ via GET
2026-02-07 01:11:00,739 INFO ACCESS: User ID 21 accessed /api/auth/request-deletion/ via POST
2026-02-07 01:49:41,688 INFO ACCESS: User ID 1 accessed /admin/authentication/user/ via GET
2026-02-07 01:49:41,722 INFO ACCESS: User ID 1 accessed /admin/jsi18n/ via GET
2026-02-07 01:51:22,314 INFO ACCESS: User ID 1 accessed /api/auth/deletion-certificate/ via GET
2026-02-07 01:51:22,419 INFO ACCESS: User ID 1 accessed /favicon.ico via GET
2026-02-07 01:54:57,521 INFO ACCESS: User ID 22 accessed /api/consents/ via GET
2026-02-07 01:54:57,530 INFO ACCESS: User ID 22 accessed /api/consents/ via GET
2026-02-07 01:55:04,098 INFO ACCESS: User ID 22 accessed /api/consents/ via GET
2026-02-07 01:55:04,105 INFO ACCESS: User ID 22 accessed /api/consents/ via GET
2026-02-07 01:55:21,202 INFO ACCESS: User ID 22 accessed /api/auth/request-deletion/ via POST
2026-02-07 01:55:33,622 INFO ACCESS: User ID 1 accessed /api/auth/deletion-certificate/ via GET
2026-02-07 01:55:38,082 INFO ACCESS: User ID 1 accessed /api/auth/deletion-certificate/ via GET
2026-02-07 01:55:49,824 INFO ACCESS: User ID 1 accessed /api/auth/deletion-certificate/ via OPTIONS
2026-02-07 01:55:51,334 INFO ACCESS: User ID 1 accessed /api/auth/deletion-certificate/ via OPTIONS
2026-02-07 01:55:53,721 INFO ACCESS: User ID 1 accessed /api/auth/deletion-certificate/ via GET
2026-02-07 01:58:46,402 INFO ACCESS: User ID 1 accessed /api/auth/deletion-certificate/ via GET
2026-02-07 01:59:10,431 INFO ACCESS: User ID 1 accessed /api/auth/deletion-certificate/ via OPTIONS
2026-02-07 01:59:11,236 INFO ACCESS: User ID 1 accessed /api/auth/deletion-certificate/ via OPTIONS
2026-02-07 01:59:11,882 INFO ACCESS: User ID 1 accessed /api/auth/deletion-certificate/ via OPTIONS
2026-02-07 01:59:13,947 INFO ACCESS: User ID 1 accessed /api/auth/deletion-certificate/ via GET
2026-02-07 01:59:14,879 INFO ACCESS: User ID 1 accessed /api/auth/deletion-certificate/ via OPTIONS
2026-02-07 01:59:16,868 INFO ACCESS: User ID 1 accessed /api/auth/deletion-certificate/ via GET
2026-02-07 02:00:34,913 INFO ACCESS: User ID 1 accessed /api/auth/deletion-certificate/ via GET
2026-02-07 02:01:13,129 INFO ACCESS: User ID 1 accessed /api/auth/deletion-certificate/ via GET
2026-02-07 02:01:17,122 INFO ACCESS: User ID 1 accessed /api/auth/deletion-certificate/ via GET
2026-02-07 02:02:52,954 INFO ACCESS: User ID 1 accessed /api/auth/deletion-certificate/ via GET
2026-02-07 02:03:00,502 INFO ACCESS: User ID 1 accessed /api/auth/deletion-certificate/ via GET
2026-02-07 02:03:01,976 INFO ACCESS: User ID 1 accessed /api/auth/deletion-certificate/ via GET
2026-02-07 02:03:02,183 INFO ACCESS: User ID 1 accessed /api/auth/deletion-certificate/ via GET
2026-02-07 02:09:12,968 INFO ACCESS: User ID 24 accessed /api/consents/ via GET
2026-02-07 02:09:12,976 INFO ACCESS: User ID 24 accessed /api/consents/ via GET
2026-02-07 02:09:21,542 INFO ACCESS: User ID 24 accessed /api/auth/request-deletion/ via POST
2026-02-07 02:12:20,436 INFO ACCESS: User ID 25 accessed /api/consents/ via GET
2026-02-07 02:12:20,443 INFO ACCESS: User ID 25 accessed /api/consents/ via GET
2026-02-07 02:12:21,973 INFO ACCESS: User ID 25 accessed /api/auth/request-deletion/ via POST
2026-02-07 02:15:27,241 INFO ACCESS: User ID 26 accessed /api/consents/ via GET
2026-02-07 02:15:27,249 INFO ACCESS: User ID 26 accessed /api/consents/ via GET
2026-02-07 02:15:28,678 INFO ACCESS: User ID 26 accessed /api/auth/deletion-certificate/ via GET
2026-02-07 02:21:37,984 INFO ACCESS: User ID 26 accessed /api/auth/logout/ via POST
2026-02-07 02:21:47,206 INFO ACCESS: User ID 27 accessed /api/consents/ via GET
2026-02-07 02:21:47,215 INFO ACCESS: User ID 27 accessed /api/consents/ via GET
2026-02-07 02:21:49,366 INFO ACCESS: User ID 27 accessed /api/auth/deletion-certificate/ via GET
2026-02-07 02:40:44,851 INFO ACCESS: User ID 28 accessed /api/consents/ via GET
2026-02-07 02:40:44,860 INFO ACCESS: User ID 28 accessed /api/consents/ via GET
2026-02-07 02:41:48,123 INFO ACCESS: User ID 28 accessed /api/auth/logout/ via POST
2026-02-07 02:42:08,506 INFO ACCESS: User ID 28 accessed /api/auth/logout/ via POST
2026-02-07 02:43:26,555 INFO ACCESS: User ID 28 accessed /api/auth/logout/ via POST
2026-02-07 02:44:17,609 INFO ACCESS: User ID 28 accessed /api/auth/logout/ via POST
2026-02-07 02:46:28,107 INFO ACCESS: User ID 28 accessed /api/auth/logout/ via POST
2026-02-07 02:49:26,515 INFO ACCESS: User ID 28 accessed /api/auth/logout/ via POST
2026-02-07 02:51:42,809 INFO ACCESS: User ID 28 accessed /api/auth/logout/ via POST
2026-02-07 02:56:35,225 INFO ACCESS: User ID 28 accessed /api/auth/logout/ via POST
2026-02-07 02:59:11,823 INFO ACCESS: User ID 28 accessed /api/auth/logout/ via POST
2026-02-07 03:03:05,237 INFO ACCESS: User ID 28 accessed /api/auth/logout/ via POST
2026-02-07 03:03:38,844 INFO ACCESS: User ID 28 accessed /api/auth/accept-policy/ via POST
2026-02-07 03:09:43,342 INFO ACCESS: User ID 28 accessed /api/consents/ via GET
2026-02-07 03:09:43,351 INFO ACCESS: User ID 28 accessed /api/consents/ via GET
2026-02-07 03:09:52,635 INFO ACCESS: User ID 28 accessed /api/auth/download-policy-receipt/ via GET
2026-02-07 03:35:38,514 INFO ACCESS: User ID 28 accessed /api/auth/logout/ via POST
2026-02-07 03:52:23,970 INFO ACCESS: User ID 28 accessed /api/consents/ via GET
2026-02-07 03:52:23,980 INFO ACCESS: User ID 28 accessed /api/consents/ via GET
2026-02-07 03:56:49,502 INFO ACCESS: User ID 28 accessed /api/consents/ via GET
2026-02-07 03:56:49,528 INFO ACCESS: User ID 28 accessed /api/consents/ via GET
